<<<<<<< HEAD
This is pdfTeX, Version 3.14159265-2.6-1.40.18 (MiKTeX 2.9.6350 64-bit) (preloaded format=pdflatex 2017.6.15)  8 DEC 2019 22:30
=======
This is pdfTeX, Version 3.14159265-2.6-1.40.18 (TeX Live 2017/Debian) (preloaded format=pdflatex 2019.11.18)  9 DEC 2019 08:33
>>>>>>> 86f1b3be54acaa1e378d1021cbbcfd2293686ffe
entering extended mode
**./thesis.tex
(thesis.tex
LaTeX2e <2017-04-15>
Babel <3.10> and hyphenation patterns for 75 language(s) loaded.
("C:\Program Files\MiKTeX 2.9\tex\latex\base\report.cls"
Document Class: report 2014/09/29 v1.4h Standard LaTeX document class
<<<<<<< HEAD
("C:\Program Files\MiKTeX 2.9\tex\latex\base\size12.clo"
File: size12.clo 2014/09/29 v1.4h Standard LaTeX file (size option)
=======
(/usr/share/texlive/texmf-dist/tex/latex/base/size10.clo
File: size10.clo 2014/09/29 v1.4h Standard LaTeX file (size option)
>>>>>>> 86f1b3be54acaa1e378d1021cbbcfd2293686ffe
)
\c@part=\count79
\c@chapter=\count80
\c@section=\count81
\c@subsection=\count82
\c@subsubsection=\count83
\c@paragraph=\count84
\c@subparagraph=\count85
\c@figure=\count86
\c@table=\count87
\abovecaptionskip=\skip41
\belowcaptionskip=\skip42
\bibindent=\dimen102
)
("C:\Program Files\MiKTeX 2.9\tex\latex\graphics\graphicx.sty"
Package: graphicx 2014/10/28 v1.0g Enhanced LaTeX Graphics (DPC,SPQR)

("C:\Program Files\MiKTeX 2.9\tex\latex\graphics\keyval.sty"
Package: keyval 2014/10/28 v1.15 key=value parser (DPC)
\KV@toks@=\toks14
)
("C:\Program Files\MiKTeX 2.9\tex\latex\graphics\graphics.sty"
Package: graphics 2017/04/14 v1.1b Standard LaTeX Graphics (DPC,SPQR)

("C:\Program Files\MiKTeX 2.9\tex\latex\graphics\trig.sty"
Package: trig 2016/01/03 v1.10 sin cos tan (DPC)
)
("C:\Program Files\MiKTeX 2.9\tex\latex\graphics-cfg\graphics.cfg"
File: graphics.cfg 2016/06/04 v1.11 sample graphics configuration
)
Package graphics Info: Driver file: pdftex.def on input line 99.

("C:\Program Files\MiKTeX 2.9\tex\latex\graphics-def\pdftex.def"
File: pdftex.def 2017/01/12 v0.06k Graphics/color for pdfTeX

("C:\Program Files\MiKTeX 2.9\tex\generic\oberdiek\infwarerr.sty"
Package: infwarerr 2016/05/16 v1.4 Providing info/warning/error messages (HO)
)
("C:\Program Files\MiKTeX 2.9\tex\generic\oberdiek\ltxcmds.sty"
Package: ltxcmds 2016/05/16 v1.23 LaTeX kernel commands for general use (HO)
)
\Gread@gobject=\count88
))
\Gin@req@height=\dimen103
\Gin@req@width=\dimen104
)
("C:\Program Files\MiKTeX 2.9\tex\latex\caption\caption.sty"
Package: caption 2016/02/21 v3.3-144 Customizing captions (AR)

("C:\Program Files\MiKTeX 2.9\tex\latex\caption\caption3.sty"
Package: caption3 2016/05/22 v1.7-166 caption3 kernel (AR)
Package caption3 Info: TeX engine: e-TeX on input line 67.
\captionmargin=\dimen105
\captionmargin@=\dimen106
\captionwidth=\dimen107
\caption@tempdima=\dimen108
\caption@indent=\dimen109
\caption@parindent=\dimen110
\caption@hangindent=\dimen111
)
\c@ContinuedFloat=\count89
)
("C:\Program Files\MiKTeX 2.9\tex\latex\caption\subcaption.sty"
Package: subcaption 2016/05/22 v1.1-161 Sub-captions (AR)
\c@subfigure=\count90
\c@subtable=\count91
)
("C:\Program Files\MiKTeX 2.9\tex\latex\float\float.sty"
Package: float 2001/11/08 v1.3d Float enhancements (AL)
\c@float@type=\count92
\float@exts=\toks15
\float@box=\box26
\@float@everytoks=\toks16
\@floatcapt=\box27
)
("C:\Program Files\MiKTeX 2.9\tex\latex\wrapfig\wrapfig.sty"
\wrapoverhang=\dimen112
\WF@size=\dimen113
\c@WF@wrappedlines=\count93
\WF@box=\box28
\WF@everypar=\toks17
Package: wrapfig 2003/01/31  v 3.6
)
("C:\Program Files\MiKTeX 2.9\tex\latex\amsfonts\amssymb.sty"
Package: amssymb 2013/01/14 v3.01 AMS font symbols

("C:\Program Files\MiKTeX 2.9\tex\latex\amsfonts\amsfonts.sty"
Package: amsfonts 2013/01/14 v3.01 Basic AMSFonts support
\@emptytoks=\toks18
\symAMSa=\mathgroup4
\symAMSb=\mathgroup5
LaTeX Font Info:    Overwriting math alphabet `\mathfrak' in version `bold'
(Font)                  U/euf/m/n --> U/euf/b/n on input line 106.
))
("C:\Program Files\MiKTeX 2.9\tex\latex\amsmath\amsmath.sty"
Package: amsmath 2016/11/05 v2.16a AMS math features
\@mathmargin=\skip43

For additional information on amsmath, use the `?' option.
("C:\Program Files\MiKTeX 2.9\tex\latex\amsmath\amstext.sty"
Package: amstext 2000/06/29 v2.01 AMS text

("C:\Program Files\MiKTeX 2.9\tex\latex\amsmath\amsgen.sty"
File: amsgen.sty 1999/11/30 v2.0 generic functions
\@emptytoks=\toks19
\ex@=\dimen114
))
("C:\Program Files\MiKTeX 2.9\tex\latex\amsmath\amsbsy.sty"
Package: amsbsy 1999/11/29 v1.2d Bold Symbols
\pmbraise@=\dimen115
)
("C:\Program Files\MiKTeX 2.9\tex\latex\amsmath\amsopn.sty"
Package: amsopn 2016/03/08 v2.02 operator names
)
\inf@bad=\count94
LaTeX Info: Redefining \frac on input line 213.
\uproot@=\count95
\leftroot@=\count96
LaTeX Info: Redefining \overline on input line 375.
\classnum@=\count97
\DOTSCASE@=\count98
LaTeX Info: Redefining \ldots on input line 472.
LaTeX Info: Redefining \dots on input line 475.
LaTeX Info: Redefining \cdots on input line 596.
\Mathstrutbox@=\box29
\strutbox@=\box30
\big@size=\dimen116
LaTeX Font Info:    Redeclaring font encoding OML on input line 712.
LaTeX Font Info:    Redeclaring font encoding OMS on input line 713.
\macc@depth=\count99
\c@MaxMatrixCols=\count100
\dotsspace@=\muskip10
\c@parentequation=\count101
\dspbrk@lvl=\count102
\tag@help=\toks20
\row@=\count103
\column@=\count104
\maxfields@=\count105
\andhelp@=\toks21
\eqnshift@=\dimen117
\alignsep@=\dimen118
\tagshift@=\dimen119
\tagwidth@=\dimen120
\totwidth@=\dimen121
\lineht@=\dimen122
\@envbody=\toks22
\multlinegap=\skip44
\multlinetaggap=\skip45
\mathdisplay@stack=\toks23
LaTeX Info: Redefining \[ on input line 2817.
LaTeX Info: Redefining \] on input line 2818.
)
("C:\Program Files\MiKTeX 2.9\tex\latex\algorithm2e\algorithm2e.sty"
Package: algorithm2e 2013/01/06 v5.00 algorithms environments
\c@AlgoLine=\count106

("C:\Program Files\MiKTeX 2.9\tex\latex\base\ifthen.sty"
Package: ifthen 2014/09/29 v1.1c Standard LaTeX ifthen package (DPC)
)
\algocf@hangindent=\skip46

("C:\Program Files\MiKTeX 2.9\tex\latex\tools\xspace.sty"
Package: xspace 2014/10/28 v1.13 Space after command names (DPC,MH)
)
("C:\Program Files\MiKTeX 2.9\tex\latex\ltxmisc\relsize.sty"
Package: relsize 2003/07/04 ver 3.1
)
********************************************************
Package `algorithm2e' Release 5.1 -- october 19 2015 --
- algorithm2e-announce@lirmm.fr mailing list for announcement about releases
- algorithm2e-discussion@lirmm.fr mailing list for discussion about package
subscribe by emailing sympa@lirmm.fr with 'subscribe <list> <firstname name>'
- Author: Christophe Fiorio (christophe.fiorio@umontpellier.fr)
********************************************************
\skiptotal=\skip47
\skiplinenumber=\skip48
\skiprule=\skip49
\skiphlne=\skip50
\skiptext=\skip51
\skiplength=\skip52
\algomargin=\skip53
\skipalgocfslide=\skip54
\algowidth=\dimen123
\inoutsize=\dimen124
\inoutindent=\dimen125
\interspacetitleruled=\dimen126
\interspacealgoruled=\dimen127
\interspacetitleboxruled=\dimen128
\algocf@ruledwidth=\skip55
\algocf@inoutbox=\box31
\algocf@inputbox=\box32
\AlCapSkip=\skip56
\AlCapHSkip=\skip57
\algoskipindent=\skip58
\algocf@nlbox=\box33
\algocf@hangingbox=\box34
\algocf@untilbox=\box35
\algocf@skipuntil=\skip59
\algocf@capbox=\box36
\algoheightruledefault=\skip60
\algoheightrule=\skip61
\algotitleheightruledefault=\skip62
\algotitleheightrule=\skip63
\c@algocfline=\count107
\c@algocfproc=\count108
\c@algocf=\count109
\algocf@algoframe=\box37
\algocf@algobox=\box38
) ("C:\Program Files\MiKTeX 2.9\tex\latex\tools\multicol.sty"
Package: multicol 2017/04/11 v1.8q multicolumn formatting (FMi)
\c@tracingmulticols=\count110
\mult@box=\box39
\multicol@leftmargin=\dimen129
\c@unbalance=\count111
\c@collectmore=\count112
\doublecol@number=\count113
\multicoltolerance=\count114
\multicolpretolerance=\count115
\full@width=\dimen130
\page@free=\dimen131
\premulticols=\dimen132
\postmulticols=\dimen133
\multicolsep=\skip64
\multicolbaselineskip=\skip65
\partial@page=\box40
\last@line=\box41
\maxbalancingoverflow=\dimen134
\mult@rightbox=\box42
\mult@grightbox=\box43
\mult@gfirstbox=\box44
\mult@firstbox=\box45
\@tempa=\box46
\@tempa=\box47
\@tempa=\box48
\@tempa=\box49
\@tempa=\box50
\@tempa=\box51
\@tempa=\box52
\@tempa=\box53
\@tempa=\box54
\@tempa=\box55
\@tempa=\box56
\@tempa=\box57
\@tempa=\box58
\@tempa=\box59
\@tempa=\box60
\@tempa=\box61
\@tempa=\box62
\c@columnbadness=\count116
\c@finalcolumnbadness=\count117
\last@try=\dimen135
\multicolovershoot=\dimen136
\multicolundershoot=\dimen137
\mult@nat@firstbox=\box63
\colbreak@box=\box64
\mc@col@check@num=\count118
)
("C:\Program Files\MiKTeX 2.9\tex\latex\multirow\multirow.sty"
Package: multirow 2016/11/25 v2.2 Span multiple rows of a table
\multirow@colwidth=\skip66
\multirow@cntb=\count119
\multirow@dima=\skip67
\bigstrutjot=\dimen138
)
("C:\Program Files\MiKTeX 2.9\tex\latex\base\textcomp.sty"
Package: textcomp 2017/04/05 v2.0i Standard LaTeX package
Package textcomp Info: Sub-encoding information:
(textcomp)               5 = only ISO-Adobe without \textcurrency
(textcomp)               4 = 5 + \texteuro
(textcomp)               3 = 4 + \textohm
(textcomp)               2 = 3 + \textestimated + \textcurrency
(textcomp)               1 = TS1 - \textcircled - \t
(textcomp)               0 = TS1 (full)
(textcomp)             Font families with sub-encoding setting implement
(textcomp)             only a restricted character set as indicated.
(textcomp)             Family '?' is the default used for unknown fonts.
(textcomp)             See the documentation for details.
Package textcomp Info: Setting ? sub-encoding to TS1/1 on input line 79.

("C:\Program Files\MiKTeX 2.9\tex\latex\base\ts1enc.def"
File: ts1enc.def 2001/06/05 v3.0e (jk/car/fm) Standard LaTeX file
)
LaTeX Info: Redefining \oldstylenums on input line 334.
Package textcomp Info: Setting cmr sub-encoding to TS1/0 on input line 349.
Package textcomp Info: Setting cmss sub-encoding to TS1/0 on input line 350.
Package textcomp Info: Setting cmtt sub-encoding to TS1/0 on input line 351.
Package textcomp Info: Setting cmvtt sub-encoding to TS1/0 on input line 352.
Package textcomp Info: Setting cmbr sub-encoding to TS1/0 on input line 353.
Package textcomp Info: Setting cmtl sub-encoding to TS1/0 on input line 354.
Package textcomp Info: Setting ccr sub-encoding to TS1/0 on input line 355.
Package textcomp Info: Setting ptm sub-encoding to TS1/4 on input line 356.
Package textcomp Info: Setting pcr sub-encoding to TS1/4 on input line 357.
Package textcomp Info: Setting phv sub-encoding to TS1/4 on input line 358.
Package textcomp Info: Setting ppl sub-encoding to TS1/3 on input line 359.
Package textcomp Info: Setting pag sub-encoding to TS1/4 on input line 360.
Package textcomp Info: Setting pbk sub-encoding to TS1/4 on input line 361.
Package textcomp Info: Setting pnc sub-encoding to TS1/4 on input line 362.
Package textcomp Info: Setting pzc sub-encoding to TS1/4 on input line 363.
Package textcomp Info: Setting bch sub-encoding to TS1/4 on input line 364.
Package textcomp Info: Setting put sub-encoding to TS1/5 on input line 365.
Package textcomp Info: Setting uag sub-encoding to TS1/5 on input line 366.
Package textcomp Info: Setting ugq sub-encoding to TS1/5 on input line 367.
Package textcomp Info: Setting ul8 sub-encoding to TS1/4 on input line 368.
Package textcomp Info: Setting ul9 sub-encoding to TS1/4 on input line 369.
Package textcomp Info: Setting augie sub-encoding to TS1/5 on input line 370.
Package textcomp Info: Setting dayrom sub-encoding to TS1/3 on input line 371.
Package textcomp Info: Setting dayroms sub-encoding to TS1/3 on input line 372.

Package textcomp Info: Setting pxr sub-encoding to TS1/0 on input line 373.
Package textcomp Info: Setting pxss sub-encoding to TS1/0 on input line 374.
Package textcomp Info: Setting pxtt sub-encoding to TS1/0 on input line 375.
Package textcomp Info: Setting txr sub-encoding to TS1/0 on input line 376.
Package textcomp Info: Setting txss sub-encoding to TS1/0 on input line 377.
Package textcomp Info: Setting txtt sub-encoding to TS1/0 on input line 378.
Package textcomp Info: Setting lmr sub-encoding to TS1/0 on input line 379.
Package textcomp Info: Setting lmdh sub-encoding to TS1/0 on input line 380.
Package textcomp Info: Setting lmss sub-encoding to TS1/0 on input line 381.
Package textcomp Info: Setting lmssq sub-encoding to TS1/0 on input line 382.
Package textcomp Info: Setting lmvtt sub-encoding to TS1/0 on input line 383.
Package textcomp Info: Setting lmtt sub-encoding to TS1/0 on input line 384.
Package textcomp Info: Setting qhv sub-encoding to TS1/0 on input line 385.
Package textcomp Info: Setting qag sub-encoding to TS1/0 on input line 386.
Package textcomp Info: Setting qbk sub-encoding to TS1/0 on input line 387.
Package textcomp Info: Setting qcr sub-encoding to TS1/0 on input line 388.
Package textcomp Info: Setting qcs sub-encoding to TS1/0 on input line 389.
Package textcomp Info: Setting qpl sub-encoding to TS1/0 on input line 390.
Package textcomp Info: Setting qtm sub-encoding to TS1/0 on input line 391.
Package textcomp Info: Setting qzc sub-encoding to TS1/0 on input line 392.
Package textcomp Info: Setting qhvc sub-encoding to TS1/0 on input line 393.
Package textcomp Info: Setting futs sub-encoding to TS1/4 on input line 394.
Package textcomp Info: Setting futx sub-encoding to TS1/4 on input line 395.
Package textcomp Info: Setting futj sub-encoding to TS1/4 on input line 396.
Package textcomp Info: Setting hlh sub-encoding to TS1/3 on input line 397.
Package textcomp Info: Setting hls sub-encoding to TS1/3 on input line 398.
Package textcomp Info: Setting hlst sub-encoding to TS1/3 on input line 399.
Package textcomp Info: Setting hlct sub-encoding to TS1/5 on input line 400.
Package textcomp Info: Setting hlx sub-encoding to TS1/5 on input line 401.
Package textcomp Info: Setting hlce sub-encoding to TS1/5 on input line 402.
Package textcomp Info: Setting hlcn sub-encoding to TS1/5 on input line 403.
Package textcomp Info: Setting hlcw sub-encoding to TS1/5 on input line 404.
Package textcomp Info: Setting hlcf sub-encoding to TS1/5 on input line 405.
Package textcomp Info: Setting pplx sub-encoding to TS1/3 on input line 406.
Package textcomp Info: Setting pplj sub-encoding to TS1/3 on input line 407.
Package textcomp Info: Setting ptmx sub-encoding to TS1/4 on input line 408.
Package textcomp Info: Setting ptmj sub-encoding to TS1/4 on input line 409.
)
("C:\Program Files\MiKTeX 2.9\tex\latex\hyperref\hyperref.sty"
Package: hyperref 2017/03/14 v6.85a Hypertext links for LaTeX

("C:\Program Files\MiKTeX 2.9\tex\generic\oberdiek\hobsub-hyperref.sty"
Package: hobsub-hyperref 2016/05/16 v1.14 Bundle oberdiek, subset hyperref (HO)


("C:\Program Files\MiKTeX 2.9\tex\generic\oberdiek\hobsub-generic.sty"
Package: hobsub-generic 2016/05/16 v1.14 Bundle oberdiek, subset generic (HO)
Package: hobsub 2016/05/16 v1.14 Construct package bundles (HO)
Package hobsub Info: Skipping package `infwarerr' (already loaded).
Package hobsub Info: Skipping package `ltxcmds' (already loaded).
Package: ifluatex 2016/05/16 v1.4 Provides the ifluatex switch (HO)
Package ifluatex Info: LuaTeX not detected.
Package: ifvtex 2016/05/16 v1.6 Detect VTeX and its facilities (HO)
Package ifvtex Info: VTeX not detected.
Package: intcalc 2016/05/16 v1.2 Expandable calculations with integers (HO)
Package: ifpdf 2017/03/15 v3.2 Provides the ifpdf switch
Package: etexcmds 2016/05/16 v1.6 Avoid name clashes with e-TeX commands (HO)
Package etexcmds Info: Could not find \expanded.
(etexcmds)             That can mean that you are not using pdfTeX 1.50 or
(etexcmds)             that some package has redefined \expanded.
(etexcmds)             In the latter case, load this package earlier.
Package: kvsetkeys 2016/05/16 v1.17 Key value parser (HO)
Package: kvdefinekeys 2016/05/16 v1.4 Define keys (HO)
Package: pdftexcmds 2017/03/19 v0.25 Utility functions of pdfTeX for LuaTeX (HO
)
Package pdftexcmds Info: LuaTeX not detected.
Package pdftexcmds Info: \pdf@primitive is available.
Package pdftexcmds Info: \pdf@ifprimitive is available.
Package pdftexcmds Info: \pdfdraftmode found.
Package: pdfescape 2016/05/16 v1.14 Implements pdfTeX's escape features (HO)
Package: bigintcalc 2016/05/16 v1.4 Expandable calculations on big integers (HO
)
Package: bitset 2016/05/16 v1.2 Handle bit-vector datatype (HO)
Package: uniquecounter 2016/05/16 v1.3 Provide unlimited unique counter (HO)
)
Package hobsub Info: Skipping package `hobsub' (already loaded).
Package: letltxmacro 2016/05/16 v1.5 Let assignment for LaTeX macros (HO)
Package: hopatch 2016/05/16 v1.3 Wrapper for package hooks (HO)
Package: xcolor-patch 2016/05/16 xcolor patch
Package: atveryend 2016/05/16 v1.9 Hooks at the very end of document (HO)
Package atveryend Info: \enddocument detected (standard20110627).
Package: atbegshi 2016/06/09 v1.18 At begin shipout hook (HO)
Package: refcount 2016/05/16 v3.5 Data extraction from label references (HO)
Package: hycolor 2016/05/16 v1.8 Color options for hyperref/bookmark (HO)
)
("C:\Program Files\MiKTeX 2.9\tex\generic\ifxetex\ifxetex.sty"
Package: ifxetex 2010/09/12 v0.6 Provides ifxetex conditional
)
("C:\Program Files\MiKTeX 2.9\tex\latex\oberdiek\auxhook.sty"
Package: auxhook 2016/05/16 v1.4 Hooks for auxiliary files (HO)
)
("C:\Program Files\MiKTeX 2.9\tex\latex\oberdiek\kvoptions.sty"
Package: kvoptions 2016/05/16 v3.12 Key value format for package options (HO)
)
\@linkdim=\dimen139
\Hy@linkcounter=\count120
\Hy@pagecounter=\count121

("C:\Program Files\MiKTeX 2.9\tex\latex\hyperref\pd1enc.def"
File: pd1enc.def 2017/03/14 v6.85a Hyperref: PDFDocEncoding definition (HO)
)
\Hy@SavedSpaceFactor=\count122

("C:\Program Files\MiKTeX 2.9\tex\latex\00miktex\hyperref.cfg"
File: hyperref.cfg 2002/06/06 v1.2 hyperref configuration of TeXLive
)
Package hyperref Info: Option `bookmarks' set `false' on input line 4374.
Package hyperref Info: Hyper figures OFF on input line 4498.
Package hyperref Info: Link nesting OFF on input line 4503.
Package hyperref Info: Hyper index ON on input line 4506.
Package hyperref Info: Plain pages OFF on input line 4513.
Package hyperref Info: Backreferencing OFF on input line 4518.
Package hyperref Info: Implicit mode ON; LaTeX internals redefined.
Package hyperref Info: Bookmarks OFF on input line 4757.
\c@Hy@tempcnt=\count123

("C:\Program Files\MiKTeX 2.9\tex\latex\url\url.sty"
\Urlmuskip=\muskip11
Package: url 2013/09/16  ver 3.4  Verb mode for urls, etc.
)
LaTeX Info: Redefining \url on input line 5104.
\XeTeXLinkMargin=\dimen140
\Fld@menulength=\count124
\Field@Width=\dimen141
\Fld@charsize=\dimen142
Package hyperref Info: Hyper figures OFF on input line 6358.
Package hyperref Info: Link nesting OFF on input line 6363.
Package hyperref Info: Hyper index ON on input line 6366.
Package hyperref Info: backreferencing OFF on input line 6373.
Package hyperref Info: Link coloring OFF on input line 6378.
Package hyperref Info: Link coloring with OCG OFF on input line 6383.
Package hyperref Info: PDF/A mode OFF on input line 6388.
LaTeX Info: Redefining \ref on input line 6428.
LaTeX Info: Redefining \pageref on input line 6432.
\Hy@abspage=\count125
\c@Item=\count126
\c@Hfootnote=\count127
)

Package hyperref Message: Driver (autodetected): hpdftex.

("C:\Program Files\MiKTeX 2.9\tex\latex\hyperref\hpdftex.def"
File: hpdftex.def 2017/03/14 v6.85a Hyperref driver for pdfTeX
\Fld@listcount=\count128
\c@bookmark@seq@number=\count129

("C:\Program Files\MiKTeX 2.9\tex\latex\oberdiek\rerunfilecheck.sty"
Package: rerunfilecheck 2016/05/16 v1.8 Rerun checks for auxiliary files (HO)
Package uniquecounter Info: New unique counter `rerunfilecheck' on input line 2
82.
)
\Hy@SectionHShift=\skip68
)
Package hyperref Info: Option `colorlinks' set `true' on input line 20.

("C:\Program Files\MiKTeX 2.9\tex\latex\titlesec\titlesec.sty"
Package: titlesec 2016/03/21 v2.10.2 Sectioning titles
\ttl@box=\box65
\beforetitleunit=\skip69
\aftertitleunit=\skip70
\ttl@plus=\dimen143
\ttl@minus=\dimen144
\ttl@toksa=\toks24
\titlewidth=\dimen145
\titlewidthlast=\dimen146
\titlewidthfirst=\dimen147
)
("C:\Program Files\MiKTeX 2.9\tex\latex\base\fontenc.sty"
Package: fontenc 2017/04/05 v2.0i Standard LaTeX package

("C:\Program Files\MiKTeX 2.9\tex\latex\cyrillic\x2enc.def"
File: x2enc.def 2005/09/27 v1.0i Cyrillic encoding definition file
)
("C:\Program Files\MiKTeX 2.9\tex\latex\base\t1enc.def"
File: t1enc.def 2017/04/05 v2.0i Standard LaTeX file
LaTeX Font Info:    Redeclaring font encoding T1 on input line 48.
))
("C:\Program Files\MiKTeX 2.9\tex\latex\geometry\geometry.sty"
Package: geometry 2010/09/12 v5.6 Page Geometry
\Gm@cnth=\count130
\Gm@cntv=\count131
\c@Gm@tempcnt=\count132
\Gm@bindingoffset=\dimen148
\Gm@wd@mp=\dimen149
\Gm@odd@mp=\dimen150
\Gm@even@mp=\dimen151
\Gm@layoutwidth=\dimen152
\Gm@layoutheight=\dimen153
\Gm@layouthoffset=\dimen154
\Gm@layoutvoffset=\dimen155
\Gm@dimlist=\toks25

("C:\Program Files\MiKTeX 2.9\tex\latex\geometry\geometry.cfg"))
("C:\Program Files\MiKTeX 2.9\tex\latex\tools\indentfirst.sty"
Package: indentfirst 1995/11/23 v1.03 Indent first paragraph (DPC)
)
("C:\Program Files\MiKTeX 2.9\tex\latex\graphics\color.sty"
Package: color 2016/07/10 v1.1e Standard LaTeX Color (DPC)

("C:\Program Files\MiKTeX 2.9\tex\latex\graphics-cfg\color.cfg"
File: color.cfg 2016/01/02 v1.6 sample color configuration
)
Package color Info: Driver file: pdftex.def on input line 147.
)
("C:\Program Files\MiKTeX 2.9\tex\latex\colortbl\colortbl.sty"
Package: colortbl 2012/02/13 v1.0a Color table columns (DPC)

("C:\Program Files\MiKTeX 2.9\tex\latex\tools\array.sty"
Package: array 2016/10/06 v2.4d Tabular extension package (FMi)
\col@sep=\dimen156
\extrarowheight=\dimen157
\NC@list=\toks26
\extratabsurround=\skip71
\backup@length=\skip72
)
\everycr=\toks27
\minrowclearance=\skip73
)
\@input{thesis.preamble.aux}
\openout2 = `thesis.preamble.aux'.

(thesis.preamble.tex ("C:\Program Files\MiKTeX 2.9\tex\latex\tools\verbatim.sty
"
Package: verbatim 2014/10/28 v1.5q LaTeX2e package for verbatim enhancements
\every@verbatim=\toks28
\verbatim@line=\toks29
\verbatim@in@stream=\read1
) ("C:\Program Files\MiKTeX 2.9\tex\latex\base\latexsym.sty"
Package: latexsym 1998/08/17 v2.2e Standard LaTeX package (lasy symbols)
\symlasy=\mathgroup6
LaTeX Font Info:    Overwriting symbol font `lasy' in version `bold'
(Font)                  U/lasy/m/n --> U/lasy/b/n on input line 52.
) (mathchars.sty)
("C:\Program Files\MiKTeX 2.9\tex\latex\setspace\setspace.sty"
Package: setspace 2011/12/19 v6.7a set line spacing
)
("C:\Program Files\MiKTeX 2.9\tex\latex\mdwtools\footnote.sty"
Package: footnote 1997/01/28 1.13 Save footnotes around boxes
\fn@notes=\box66
\fn@width=\dimen158
) (blocked.sty)
(uhead.sty) (boxit.sty) (icthesis.sty)
\c@definition=\count133
\c@theorem=\count134
)

LaTeX Warning: Unused global option(s):
    [13pt,2p].

(thesis.aux

LaTeX Warning: Label `model_lstm_gru' multiply defined.

)
\openout1 = `thesis.aux'.

LaTeX Font Info:    Checking defaults for OML/cmm/m/it on input line 51.
LaTeX Font Info:    ... okay on input line 51.
LaTeX Font Info:    Checking defaults for T1/cmr/m/n on input line 51.
LaTeX Font Info:    ... okay on input line 51.
LaTeX Font Info:    Checking defaults for OT1/cmr/m/n on input line 51.
LaTeX Font Info:    ... okay on input line 51.
LaTeX Font Info:    Checking defaults for OMS/cmsy/m/n on input line 51.
LaTeX Font Info:    ... okay on input line 51.
LaTeX Font Info:    Checking defaults for OMX/cmex/m/n on input line 51.
LaTeX Font Info:    ... okay on input line 51.
LaTeX Font Info:    Checking defaults for U/cmr/m/n on input line 51.
LaTeX Font Info:    ... okay on input line 51.
LaTeX Font Info:    Checking defaults for TS1/cmr/m/n on input line 51.
LaTeX Font Info:    Try loading font information for TS1+cmr on input line 51.
 ("C:\Program Files\MiKTeX 2.9\tex\latex\base\ts1cmr.fd"
File: ts1cmr.fd 2014/09/29 v2.5h Standard LaTeX font definitions
)
LaTeX Font Info:    ... okay on input line 51.
LaTeX Font Info:    Checking defaults for PD1/pdf/m/n on input line 51.
LaTeX Font Info:    ... okay on input line 51.
LaTeX Font Info:    Checking defaults for X2/cmr/m/n on input line 51.
LaTeX Font Info:    Try loading font information for X2+cmr on input line 51.

("C:\Program Files\MiKTeX 2.9\tex\latex\cyrillic\x2cmr.fd"
File: x2cmr.fd 2001/08/11 v1.0a Computer Modern Cyrillic font definitions
)
LaTeX Font Info:    ... okay on input line 51.

("C:\Program Files\MiKTeX 2.9\tex\context\base\supp-pdf.mkii"
[Loading MPS to PDF converter (version 2006.09.02).]
\scratchcounter=\count135
\scratchdimen=\dimen159
\scratchbox=\box67
\nofMPsegments=\count136
\nofMParguments=\count137
\everyMPshowfont=\toks30
\MPscratchCnt=\count138
\MPscratchDim=\dimen160
\MPnumerator=\count139
\makeMPintoPDFobject=\count140
\everyMPtoPDFconversion=\toks31
) ("C:\Program Files\MiKTeX 2.9\tex\latex\oberdiek\epstopdf-base.sty"
Package: epstopdf-base 2016/05/15 v2.6 Base part for package epstopdf

("C:\Program Files\MiKTeX 2.9\tex\latex\oberdiek\grfext.sty"
Package: grfext 2016/05/16 v1.2 Manage graphics extensions (HO)
)
Package epstopdf-base Info: Redefining graphics rule for `.eps' on input line 4
38.
Package grfext Info: Graphics extension search list:
(grfext)             [.pdf,.jpeg,.png,.eps]
(grfext)             \AppendGraphicsExtensions on input line 456.
)
Package caption Info: Begin \AtBeginDocument code.
Package caption Info: float package is loaded.
Package caption Info: hyperref package is loaded.
Package caption Info: wrapfig package is loaded.
Package caption Info: End \AtBeginDocument code.
\AtBeginShipoutBox=\box68
Package hyperref Info: Link coloring ON on input line 51.

("C:\Program Files\MiKTeX 2.9\tex\latex\hyperref\nameref.sty"
Package: nameref 2016/05/21 v2.44 Cross-referencing by name of section

("C:\Program Files\MiKTeX 2.9\tex\generic\oberdiek\gettitlestring.sty"
Package: gettitlestring 2016/05/16 v1.5 Cleanup title references (HO)
)
\c@section@level=\count141
)
LaTeX Info: Redefining \ref on input line 51.
LaTeX Info: Redefining \pageref on input line 51.
LaTeX Info: Redefining \nameref on input line 51.

*geometry* driver: auto-detecting
*geometry* detected driver: pdftex
*geometry* verbose mode - [ preamble ] result:
* driver: pdftex
* paper: a4paper
* layout: <same size as paper>
* layoutoffset:(h,v)=(0.0pt,0.0pt)
* modes: 
* h-part:(L,W,R)=(99.58464pt, 426.79135pt, 71.13188pt)
* v-part:(T,H,B)=(56.9055pt, 731.23584pt, 56.9055pt)
* \paperwidth=597.50787pt
* \paperheight=845.04684pt
* \textwidth=426.79135pt
* \textheight=731.23584pt
* \oddsidemargin=27.31465pt
* \evensidemargin=27.31465pt
* \topmargin=-52.36449pt
* \headheight=12.0pt
* \headsep=25.0pt
* \topskip=10.0pt
* \footskip=30.0pt
* \marginparwidth=57.0pt
* \marginparsep=11.0pt
* \columnsep=10.0pt
* \skip\footins=9.0pt plus 4.0pt minus 2.0pt
* \hoffset=0.0pt
* \voffset=0.0pt
* \mag=1000
* \@twocolumnfalse
* \@twosidefalse
* \@mparswitchfalse
* \@reversemarginfalse
* (1in=72.27pt=25.4mm, 1cm=28.453pt)

<images/hust.png, id=3, 184.69pt x 275.0275pt>
File: images/hust.png Graphic file (type png)
 <use images/hust.png>
Package pdftex.def Info: images/hust.png used on input line 63.
(pdftex.def)             Requested size: 85.35696pt x 127.1059pt.
 [1



{C:/ProgramData/MiKTeX/2.9/pdftex/config/pdftex.map} <./images/hust.png>] (thes
is.toc
LaTeX Font Info:    Try loading font information for U+msa on input line 2.

("C:\Program Files\MiKTeX 2.9\tex\latex\amsfonts\umsa.fd"
File: umsa.fd 2013/01/14 v3.01 AMS symbols A
)
LaTeX Font Info:    Try loading font information for U+msb on input line 2.

("C:\Program Files\MiKTeX 2.9\tex\latex\amsfonts\umsb.fd"
File: umsb.fd 2013/01/14 v3.01 AMS symbols B
)
LaTeX Font Info:    Try loading font information for U+lasy on input line 2.

("C:\Program Files\MiKTeX 2.9\tex\latex\base\ulasy.fd"
File: ulasy.fd 1998/08/17 v2.2e LaTeX symbol font definitions
) [2



])
\tf@toc=\write3
\openout3 = `thesis.toc'.

 [3] (thesis.lot)
\tf@lot=\write4
\openout4 = `thesis.lot'.


[4


<<<<<<< HEAD
] (thesis.lof
Overfull \hbox (35.69653pt too wide) in paragraph at lines 5--5
 [][] [][][]\T1/cmr/m/n/12 Traditional RNN ar-chitech-ture. Source: https://col
ah.github.io/posts/2015- 
=======
] (./thesis.lof
Overfull \hbox (7.34341pt too wide) in paragraph at lines 4--4
 [][] [][][]\T1/cmr/m/n/10 Activation func-tions. Source: https://medium.com/@s
rnghn/deep-learning-overview- 
>>>>>>> 86f1b3be54acaa1e378d1021cbbcfd2293686ffe
 []


Overfull \hbox (47.83243pt too wide) in paragraph at lines 7--7
 [][] [][][]\T1/cmr/m/n/10 Traditional RNN ar-chitech-ture. Source: https://col
ah.github.io/posts/2015-08-Understanding- 
 []


Overfull \hbox (1.66205pt too wide) in paragraph at lines 8--8
 [][] [][][]\T1/cmr/m/n/10 LSTM and GRU ar-chitech-ture. Source: https://toward
sdatascience.com/illustrated- 
 []

)
\tf@lof=\write5
\openout5 = `thesis.lof'.

 [5


]
Chapter 1.
[6


]
Chapter 2.
<./images/pdf/model/pso.pdf, id=138, 1062.21844pt x 515.67656pt>
File: ./images/pdf/model/pso.pdf Graphic file (type pdf)
<use ./images/pdf/model/pso.pdf>
Package pdftex.def Info: ./images/pdf/model/pso.pdf  used on input line 90.
(pdftex.def)             Requested size: 320.0935pt x 155.39659pt.
[7

<<<<<<< HEAD
] <./images/pdf/model/model_ffnn.pdf, id=132, 844.65562pt x 596.98032pt>
=======
] [8 <./images/pdf/model/pso.pdf>] [9] [10]
<./images/png/sigmoid.png, id=234, 385.44pt x 187.70125pt>
File: ./images/png/sigmoid.png Graphic file (type png)
<use ./images/png/sigmoid.png>
Package pdftex.def Info: ./images/png/sigmoid.png  used on input line 226.
(pdftex.def)             Requested size: 140.84192pt x 68.58627pt.
<./images/png/tanh.png, id=235, 419.5675pt x 179.67125pt>
File: ./images/png/tanh.png Graphic file (type png)
<use ./images/png/tanh.png>
Package pdftex.def Info: ./images/png/tanh.png  used on input line 227.
(pdftex.def)             Requested size: 140.84192pt x 60.31154pt.
<./images/png/relu.png, id=236, 419.5675pt x 191.71625pt>
File: ./images/png/relu.png Graphic file (type png)
<use ./images/png/relu.png>
Package pdftex.def Info: ./images/png/relu.png  used on input line 228.
(pdftex.def)             Requested size: 140.84192pt x 64.35478pt.
<./images/png/leakyrelu.png, id=237, 498.86375pt x 177.66376pt>
File: ./images/png/leakyrelu.png Graphic file (type png)
<use ./images/png/leakyrelu.png>
Package pdftex.def Info: ./images/png/leakyrelu.png  used on input line 229.
(pdftex.def)             Requested size: 140.84192pt x 50.15756pt.
 [11 <./images/png/sigmoid.png (PNG copy)> <./images/png/tanh.png (PNG copy)> <
./images/png/relu.png (PNG copy)> <./images/png/leakyrelu.png (PNG copy)>] [12]
 [13]
Overfull \hbox (2.76033pt too wide) in paragraph at lines 317--317
|[]\T1/cmr/bx/n/14.4 Time-series pre-dic-tion and Auto-scaling prob-lem in Clou
d
 []

[14]
<./images/pdf/model/model_ffnn.pdf, id=296, 844.65562pt x 596.98032pt>
>>>>>>> 86f1b3be54acaa1e378d1021cbbcfd2293686ffe
File: ./images/pdf/model/model_ffnn.pdf Graphic file (type pdf)

<use ./images/pdf/model/model_ffnn.pdf>
<<<<<<< HEAD
Package pdftex.def Info: ./images/pdf/model/model_ffnn.pdf used on input line 9
7.
(pdftex.def)             Requested size: 320.0935pt x 226.23544pt.

Overfull \hbox (12.59993pt too wide) in paragraph at lines 105--106
\T1/cmr/m/n/12 net-work ar-chi-tec-ture con-tain hid-den lay-ers and called Mul
ti-Layer Per-cep-trons (MLPs).
 []

[8] [9 <./images/pdf/model/model_ffnn.pdf>]
<./images/pdf/model/model_cfnn.pdf, id=195, 844.65562pt x 596.98032pt>
=======
Package pdftex.def Info: ./images/pdf/model/model_ffnn.pdf  used on input line 
343.
(pdftex.def)             Requested size: 320.0935pt x 226.23544pt.
 [15] [16 <./images/pdf/model/model_ffnn.pdf>]
<./images/pdf/model/model_cfnn.pdf, id=361, 844.65562pt x 596.98032pt>
>>>>>>> 86f1b3be54acaa1e378d1021cbbcfd2293686ffe
File: ./images/pdf/model/model_cfnn.pdf Graphic file (type pdf)

<use ./images/pdf/model/model_cfnn.pdf>
<<<<<<< HEAD
Package pdftex.def Info: ./images/pdf/model/model_cfnn.pdf used on input line 1
33.
(pdftex.def)             Requested size: 320.0935pt x 226.23544pt.

<./images/png/rnn_unrolled.png, id=200, 977.8131pt x 256.91985pt>
File: ./images/png/rnn_unrolled.png Graphic file (type png)
=======
Package pdftex.def Info: ./images/pdf/model/model_cfnn.pdf  used on input line 
379.
(pdftex.def)             Requested size: 320.0935pt x 226.23544pt.
<./images/png/rnn_unrolled.png, id=366, 977.8131pt x 256.91985pt>
File: ./images/png/rnn_unrolled.png Graphic file (type png)
<use ./images/png/rnn_unrolled.png>
Package pdftex.def Info: ./images/png/rnn_unrolled.png  used on input line 390.
>>>>>>> 86f1b3be54acaa1e378d1021cbbcfd2293686ffe

<use ./images/png/rnn_unrolled.png>
Package pdftex.def Info: ./images/png/rnn_unrolled.png used on input line 144.
(pdftex.def)             Requested size: 426.79135pt x 112.13948pt.
<<<<<<< HEAD

Underfull \hbox (badness 10000) in paragraph at lines 145--145
[]\T1/cmr/m/n/12 Figure 2.3: |Tra-di-tional RNN ar-chitech-ture. Source:
 []

[10] [11 <./images/pdf/model/model_cfnn.pdf> <./images/png/rnn_unrolled.png>]
<./images/png/lstm_gru.png, id=270, 1521.685pt x 967.615pt>
=======
 [17 <./images/pdf/model/model_cfnn.pdf>]
<./images/png/lstm_gru.png, id=429, 1521.685pt x 967.615pt>
>>>>>>> 86f1b3be54acaa1e378d1021cbbcfd2293686ffe
File: ./images/png/lstm_gru.png Graphic file (type png)

<use ./images/png/lstm_gru.png>
<<<<<<< HEAD
Package pdftex.def Info: ./images/png/lstm_gru.png used on input line 168.
(pdftex.def)             Requested size: 426.79135pt x 271.38806pt.

Underfull \hbox (badness 10000) in paragraph at lines 169--169
[]\T1/cmr/m/n/12 Figure 2.4: |LSTM and GRU ar-chitech-ture. Source:
 []


Underfull \hbox (badness 10000) in paragraph at lines 169--169
\T1/cmr/m/n/12 https://towardsdatascience.com/illustrated-guide-to-lstms-and-gr
u-s-a-step-by-
 []

[12]
Missing character: There is no â in font cmr8!
Missing character: There is no ˆ in font cmr8!
Missing character: There is no ’ in font cmr8!
Missing character: There is no â in font cmr8!
Missing character: There is no ˆ in font cmr8!
Missing character: There is no ’ in font cmr8!
 <./images/png/sigmoid.png, id=292, 385.44pt x 187.70125pt>
File: ./images/png/sigmoid.png Graphic file (type png)

<use ./images/png/sigmoid.png>
Package pdftex.def Info: ./images/png/sigmoid.png used on input line 196.
(pdftex.def)             Requested size: 140.84192pt x 68.58627pt.

<./images/png/tanh.png, id=293, 419.5675pt x 179.67125pt>
File: ./images/png/tanh.png Graphic file (type png)

<use ./images/png/tanh.png>
Package pdftex.def Info: ./images/png/tanh.png used on input line 197.
(pdftex.def)             Requested size: 140.84192pt x 60.31154pt.

<./images/png/relu.png, id=294, 419.5675pt x 191.71625pt>
File: ./images/png/relu.png Graphic file (type png)

<use ./images/png/relu.png>
Package pdftex.def Info: ./images/png/relu.png used on input line 198.
(pdftex.def)             Requested size: 140.84192pt x 64.35478pt.

<./images/png/leakyrelu.png, id=295, 498.86375pt x 177.66376pt>
File: ./images/png/leakyrelu.png Graphic file (type png)

<use ./images/png/leakyrelu.png>
Package pdftex.def Info: ./images/png/leakyrelu.png used on input line 199.
(pdftex.def)             Requested size: 140.84192pt x 50.15756pt.
 [13 <./images/png/lstm_gru.png (PNG copy)>]
[14 <./images/png/sigmoid.png (PNG copy)> <./images/png/tanh.png (PNG copy)> <.
/images/png/relu.png (PNG copy)> <./images/png/leakyrelu.png (PNG copy)>]
[15] [16] [17]
<./images/pdf/model/pso.pdf, id=365, 1062.21844pt x 515.67656pt>
File: ./images/pdf/model/pso.pdf Graphic file (type pdf)

<use ./images/pdf/model/pso.pdf>
Package pdftex.def Info: ./images/pdf/model/pso.pdf used on input line 293.
(pdftex.def)             Requested size: 320.0935pt x 155.39659pt.
 [18] [19 <./images/pdf/model/pso.pdf>]
[20] [21] [22] [23]
=======
Package pdftex.def Info: ./images/png/lstm_gru.png  used on input line 415.
(pdftex.def)             Requested size: 426.79135pt x 271.38806pt.
 [18 <./images/png/rnn_unrolled.png>]
Missing character: There is no â in font cmr7!
Missing character: There is no ˆ in font cmr7!
Missing character: There is no ’ in font cmr7!
Missing character: There is no â in font cmr7!
Missing character: There is no ˆ in font cmr7!
Missing character: There is no ’ in font cmr7!
 [19 <./images/png/lstm_gru.png (PNG copy)>]
>>>>>>> 86f1b3be54acaa1e378d1021cbbcfd2293686ffe
Chapter 3.
[20

<<<<<<< HEAD
] [25] [26]
Overfull \hbox (16.78627pt too wide) in paragraph at lines 492--492
|[]\T1/cmr/bx/n/17.28 Proposed model for auto-scaling prob-lem in Cloud
 []

[27] [28]
<./images//pdf/model/model_phases.pdf, id=551, 844.65562pt x 596.98032pt>
=======
] [21] [22]
<./images//pdf/model/model_phases.pdf, id=538, 844.65562pt x 596.98032pt>
>>>>>>> 86f1b3be54acaa1e378d1021cbbcfd2293686ffe
File: ./images//pdf/model/model_phases.pdf Graphic file (type pdf)

<use ./images//pdf/model/model_phases.pdf>
<<<<<<< HEAD
Package pdftex.def Info: ./images//pdf/model/model_phases.pdf used on input lin
e 507.
(pdftex.def)             Requested size: 426.79135pt x 301.6503pt.
 [29 <./images//pdf/model/model_phases.pdf>] [30]
<./images/pdf/model/solution_creation.pdf, id=757, 844.65562pt x 596.98032pt>
=======
Package pdftex.def Info: ./images//pdf/model/model_phases.pdf  used on input li
ne 521.
(pdftex.def)             Requested size: 426.79135pt x 301.6503pt.


LaTeX Warning: Reference `experiments' on page 23 undefined on input line 529.

[23] [24 <./images//pdf/model/model_phases.pdf>]
<./images/pdf/model/solution_creation.pdf, id=744, 844.65562pt x 596.98032pt>
>>>>>>> 86f1b3be54acaa1e378d1021cbbcfd2293686ffe
File: ./images/pdf/model/solution_creation.pdf Graphic file (type pdf)

<use ./images/pdf/model/solution_creation.pdf>
<<<<<<< HEAD
Package pdftex.def Info: ./images/pdf/model/solution_creation.pdf used on input
 line 581.
(pdftex.def)             Requested size: 320.0935pt x 226.23544pt.

<./images/pdf/model/islo_cfnn_workflow.pdf, id=758, 844.65562pt x 596.98032pt>
=======
Package pdftex.def Info: ./images/pdf/model/solution_creation.pdf  used on inpu
t line 595.
(pdftex.def)             Requested size: 320.0935pt x 226.23544pt.
<./images/pdf/model/islo_cfnn_workflow.pdf, id=745, 844.65562pt x 596.98032pt>
>>>>>>> 86f1b3be54acaa1e378d1021cbbcfd2293686ffe
File: ./images/pdf/model/islo_cfnn_workflow.pdf Graphic file (type pdf)

<use ./images/pdf/model/islo_cfnn_workflow.pdf>
<<<<<<< HEAD
Package pdftex.def Info: ./images/pdf/model/islo_cfnn_workflow.pdf used on inpu
t line 589.
=======
Package pdftex.def Info: ./images/pdf/model/islo_cfnn_workflow.pdf  used on inp
ut line 603.
>>>>>>> 86f1b3be54acaa1e378d1021cbbcfd2293686ffe
(pdftex.def)             Requested size: 426.79135pt x 301.6503pt.
 [25] [26 <./images/pdf/model/solution_creation.pdf> <./images/pdf/model/islo_c
fnn_workflow.pdf

<<<<<<< HEAD
pdfTeX warning: pdflatex.exe (file ./images/pdf/model/islo_cfnn_workflow.pdf): 
PDF inclusion: multiple pdfs with page group included in a single page
>] [33]
=======
pdfTeX warning: pdflatex (file ./images/pdf/model/islo_cfnn_workflow.pdf): PDF 
inclusion: multiple pdfs with page group included in a single page
>] [27]
>>>>>>> 86f1b3be54acaa1e378d1021cbbcfd2293686ffe
Chapter 4.
[28

] [29] [30] [31]
Chapter 5.
<<<<<<< HEAD
(thesis.bbl [35

] [36
=======
(./thesis.bbl [32
>>>>>>> 86f1b3be54acaa1e378d1021cbbcfd2293686ffe

]
LaTeX Font Info:    Try loading font information for T1+cmtt on input line 59.
 ("C:\Program Files\MiKTeX 2.9\tex\latex\base\t1cmtt.fd"
File: t1cmtt.fd 2014/09/29 v2.5h Standard LaTeX font definitions
)
<<<<<<< HEAD
[37])
Package atveryend Info: Empty hook `BeforeClearDocument' on input line 623.
 [38]
Package atveryend Info: Empty hook `AfterLastShipout' on input line 623.
 (thesis.aux)
Package atveryend Info: Executing hook `AtVeryEndDocument' on input line 623.
Package atveryend Info: Empty hook `AtEndAfterFileList' on input line 623.
=======
[33

] [34])
Package atveryend Info: Empty hook `BeforeClearDocument' on input line 770.
 [35]
Package atveryend Info: Empty hook `AfterLastShipout' on input line 770.
 (./thesis.aux)
Package atveryend Info: Executing hook `AtVeryEndDocument' on input line 770.
Package atveryend Info: Empty hook `AtEndAfterFileList' on input line 770.


LaTeX Warning: There were undefined references.
>>>>>>> 86f1b3be54acaa1e378d1021cbbcfd2293686ffe


LaTeX Warning: There were multiply-defined labels.

<<<<<<< HEAD
Package atveryend Info: Empty hook `AtVeryVeryEnd' on input line 623.
 )
(\end occurred inside a group at level 1)

### simple group (level 1) entered at line 1061 ({)
### bottom level 
Here is how much of TeX's memory you used:
 10726 strings out of 493323
 158139 string characters out of 3139066
 272768 words of memory out of 3000000
 13823 multiletter control sequences out of 15000+200000
 20788 words of font info for 52 fonts, out of 3000000 for 9000
 1141 hyphenation exceptions out of 8191
 36i,22n,39p,1722b,8402s stack positions out of 5000i,500n,10000p,200000b,50000s
 <C:\Users\binhm\AppData\Local\MiKTeX\2.9\fonts\pk\ljfour\jknap
pen\ec\dpi600\ectt1200.pk> <C:\Users\binhm\AppData\Local\MiKTeX\2.9\fonts\pk\lj
four\jknappen\ec\dpi600\ecti1200.pk> <C:\Users\binhm\AppData\Local\MiKTeX\2.9\f
onts\pk\ljfour\jknappen\ec\dpi600\ecbx0800.pk> <C:\Users\binhm\AppData\Local\Mi
KTeX\2.9\fonts\pk\ljfour\jknappen\ec\dpi600\tcrm1200.pk> <C:\Users\binhm\AppDat
a\Local\MiKTeX\2.9\fonts\pk\ljfour\jknappen\ec\dpi600\ecbx1440.pk> <C:\Users\bi
nhm\AppData\Local\MiKTeX\2.9\fonts\pk\ljfour\jknappen\ec\dpi600\ecsl1200.pk> <C
:\Users\binhm\AppData\Local\MiKTeX\2.9\fonts\pk\ljfour\jknappen\ec\dpi600\ecrm1
200.pk> <C:\Users\binhm\AppData\Local\MiKTeX\2.9\fonts\pk\ljfour\jknappen\ec\dp
i600\ecbx1200.pk> <C:\Users\binhm\AppData\Local\MiKTeX\2.9\fonts\pk\ljfour\jkna
ppen\ec\dpi600\ecbx2488.pk> <C:\Users\binhm\AppData\Local\MiKTeX\2.9\fonts\pk\l
jfour\jknappen\ec\dpi600\ecbx2074.pk> <C:\Users\binhm\AppData\Local\MiKTeX\2.9\
fonts\pk\ljfour\jknappen\ec\dpi600\ecbx1728.pk> <C:\Users\binhm\AppData\Local\M
iKTeX\2.9\fonts\pk\ljfour\jknappen\ec\dpi600\ecrm1728.pk><C:/Program Files/MiKT
eX 2.9/fonts/type1/public/amsfonts/cm/cmex10.pfb><C:/Program Files/MiKTeX 2.9/f
onts/type1/public/amsfonts/cm/cmmi12.pfb><C:/Program Files/MiKTeX 2.9/fonts/typ
e1/public/amsfonts/cm/cmmi6.pfb><C:/Program Files/MiKTeX 2.9/fonts/type1/public
/amsfonts/cm/cmmi8.pfb><C:/Program Files/MiKTeX 2.9/fonts/type1/public/amsfonts
/cm/cmr12.pfb><C:/Program Files/MiKTeX 2.9/fonts/type1/public/amsfonts/cm/cmr6.
pfb><C:/Program Files/MiKTeX 2.9/fonts/type1/public/amsfonts/cm/cmr8.pfb><C:/Pr
ogram Files/MiKTeX 2.9/fonts/type1/public/amsfonts/cm/cmsy10.pfb><C:/Program Fi
les/MiKTeX 2.9/fonts/type1/public/amsfonts/cm/cmsy6.pfb><C:/Program Files/MiKTe
X 2.9/fonts/type1/public/amsfonts/cm/cmsy8.pfb>
Output written on thesis.pdf (38 pages, 2285929 bytes).
PDF statistics:
 1533 PDF objects out of 1728 (max. 8388607)
 232 named destinations out of 1000 (max. 500000)
=======
Package atveryend Info: Empty hook `AtVeryVeryEnd' on input line 770.
 ) 
Here is how much of TeX's memory you used:
 10703 strings out of 492982
 158369 string characters out of 6134895
 285379 words of memory out of 5000000
 13833 multiletter control sequences out of 15000+600000
 20167 words of font info for 45 fonts, out of 8000000 for 9000
 1141 hyphenation exceptions out of 8191
 36i,22n,39p,1720b,692s stack positions out of 5000i,500n,10000p,200000b,80000s
{/usr/share/texmf/fonts/enc/dvips/cm-super/cm-super-t1.enc}{/usr/share/texmf/
fonts/enc/dvips/cm-super/cm-super-ts1.enc}</usr/share/texlive/texmf-dist/fonts/
type1/public/amsfonts/cm/cmex10.pfb></usr/share/texlive/texmf-dist/fonts/type1/
public/amsfonts/cm/cmmi10.pfb></usr/share/texlive/texmf-dist/fonts/type1/public
/amsfonts/cm/cmmi5.pfb></usr/share/texlive/texmf-dist/fonts/type1/public/amsfon
ts/cm/cmmi7.pfb></usr/share/texlive/texmf-dist/fonts/type1/public/amsfonts/cm/c
mr10.pfb></usr/share/texlive/texmf-dist/fonts/type1/public/amsfonts/cm/cmr5.pfb
></usr/share/texlive/texmf-dist/fonts/type1/public/amsfonts/cm/cmr7.pfb></usr/s
hare/texlive/texmf-dist/fonts/type1/public/amsfonts/cm/cmsy10.pfb></usr/share/t
exlive/texmf-dist/fonts/type1/public/amsfonts/cm/cmsy5.pfb></usr/share/texlive/
texmf-dist/fonts/type1/public/amsfonts/cm/cmsy7.pfb></usr/share/texmf/fonts/typ
e1/public/cm-super/sfbx0700.pfb></usr/share/texmf/fonts/type1/public/cm-super/s
fbx1000.pfb></usr/share/texmf/fonts/type1/public/cm-super/sfbx1200.pfb></usr/sh
are/texmf/fonts/type1/public/cm-super/sfbx1440.pfb></usr/share/texmf/fonts/type
1/public/cm-super/sfbx1728.pfb></usr/share/texmf/fonts/type1/public/cm-super/sf
bx2074.pfb></usr/share/texmf/fonts/type1/public/cm-super/sfbx2488.pfb></usr/sha
re/texmf/fonts/type1/public/cm-super/sfrm1000.pfb></usr/share/texmf/fonts/type1
/public/cm-super/sfrm1440.pfb></usr/share/texmf/fonts/type1/public/cm-super/sfs
l1000.pfb></usr/share/texmf/fonts/type1/public/cm-super/sfti1000.pfb></usr/shar
e/texmf/fonts/type1/public/cm-super/sftt1000.pfb>
Output written on thesis.pdf (35 pages, 2275367 bytes).
PDF statistics:
 1076 PDF objects out of 1200 (max. 8388607)
 658 compressed objects within 7 object streams
 233 named destinations out of 1000 (max. 500000)
>>>>>>> 86f1b3be54acaa1e378d1021cbbcfd2293686ffe
 66 words of extra memory for PDF output out of 10000 (max. 10000000)

